<?xml version="1.0" encoding="UTF-8"?>
<!-- Generated by org.testng.reporters.JUnitXMLReporter -->
<testsuite ignored="1" hostname="GAVLMUMDT-046" failures="0" tests="1" name="Default test" time="30.141" errors="0" timestamp="2025-11-11T14:34:34 IST">
  <testcase classname="languageSelection.verifyLanguageTest" name="VerifyThatTheLanguageSelectionScreenLoadsProperly" time="11.699"/>
  <testcase classname="languageSelection.verifyLanguageTest" name="VerifyThatUserCanSelectHindi" time="0.0">
    <ignored/>
  </testcase> <!-- VerifyThatUserCanSelectHindi -->
</testsuite> <!-- Default test -->
