<?xml version="1.0" encoding="UTF-8"?>
<!-- Generated by org.testng.reporters.JUnitXMLReporter -->
<testsuite ignored="9" hostname="GAVLMUMDT-046" failures="0" tests="1" name="Default test" time="53.344" errors="0" timestamp="2025-12-04T11:32:28 IST">
  <testcase classname="languageSelection.VerifyLanguageTest" name="VerifyAbilityToChangeLanguageFromSettings" time="36.957"/>
  <testcase classname="languageSelection.VerifyLanguageTest" name="VerifyAppBehaviorOnDoubleTappingLanguage" time="0.0">
    <ignored/>
  </testcase> <!-- VerifyAppBehaviorOnDoubleTappingLanguage -->
  <testcase classname="languageSelection.VerifyLanguageTest" name="verifyScreenDuringOrientationChange" time="0.0">
    <ignored/>
  </testcase> <!-- verifyScreenDuringOrientationChange -->
  <testcase classname="languageSelection.VerifyLanguageTest" name="verifyBehaviorWhenNoInternetDuringSelection" time="0.0">
    <ignored/>
  </testcase> <!-- verifyBehaviorWhenNoInternetDuringSelection -->
  <testcase classname="languageSelection.VerifyLanguageTest" name="verifyThatUserCanSelectTamil" time="0.0">
    <ignored/>
  </testcase> <!-- verifyThatUserCanSelectTamil -->
  <testcase classname="languageSelection.VerifyLanguageTest" name="verifyThatUserCanSelectEnglish" time="0.0">
    <ignored/>
  </testcase> <!-- verifyThatUserCanSelectEnglish -->
  <testcase classname="languageSelection.VerifyLanguageTest" name="verifyThatUserCanSelectHindi" time="0.0">
    <ignored/>
  </testcase> <!-- verifyThatUserCanSelectHindi -->
  <testcase classname="languageSelection.VerifyLanguageTest" name="verifyThatAllLanguageOptionsAreClickable" time="0.0">
    <ignored/>
  </testcase> <!-- verifyThatAllLanguageOptionsAreClickable -->
  <testcase classname="languageSelection.VerifyLanguageTest" name="verifyThatTheLanguageSelectionScreenLoadsProperly" time="0.0">
    <ignored/>
  </testcase> <!-- verifyThatTheLanguageSelectionScreenLoadsProperly -->
  <testcase classname="languageSelection.VerifyLanguageTest" name="verifyBehaviorWhenPressingBack" time="0.0">
    <ignored/>
  </testcase> <!-- verifyBehaviorWhenPressingBack -->
</testsuite> <!-- Default test -->
